<?xml version="1.0" encoding="UTF-8"?>
<!-- Generated by org.testng.reporters.JUnitXMLReporter -->
<testsuite ignored="7" hostname="venkatesh" failures="0" tests="1" name="Test" time="42.391" errors="0" timestamp="2024-01-03T08:52:44 IST">
  <testcase classname="automation_practice_web.Base_class" name="@BeforeMethod Base_beforeMethod" time="42.325">
    <failure type="org.openqa.selenium.NoSuchWindowException" message="no such window: target window already closed
from unknown error: web view not found
  (Session info: chrome=120.0.6099.130)
Build info: version: &amp;apos;4.15.0&amp;apos;, revision: &amp;apos;1d14b5521b&amp;apos;
System info: os.name: &amp;apos;Windows 11&amp;apos;, os.arch: &amp;apos;amd64&amp;apos;, os.version: &amp;apos;10.0&amp;apos;, java.version: &amp;apos;17.0.9&amp;apos;
Driver info: org.openqa.selenium.chrome.ChromeDriver
Command: [7f83f609b9fd2cde0c15b3b72f0b2c72, maximizeCurrentWindow {}]
Capabilities {acceptInsecureCerts: false, browserName: chrome, browserVersion: 120.0.6099.130, chrome: {chromedriverVersion: 120.0.6099.109 (3419140ab66..., userDataDir: C:\Users\venky\AppData\Loca...}, fedcm:accounts: true, goog:chromeOptions: {debuggerAddress: localhost:61999}, networkConnectionEnabled: false, pageLoadStrategy: normal, platformName: windows, proxy: Proxy(), se:cdp: ws://localhost:61999/devtoo..., se:cdpVersion: 120.0.6099.130, setWindowRect: true, strictFileInteractability: false, timeouts: {implicit: 0, pageLoad: 300000, script: 30000}, unhandledPromptBehavior: dismiss and notify, webauthn:extension:credBlob: true, webauthn:extension:largeBlob: true, webauthn:extension:minPinLength: true, webauthn:extension:prf: true, webauthn:virtualAuthenticators: true}
Session ID: 7f83f609b9fd2cde0c15b3b72f0b2c72">
      <![CDATA[org.openqa.selenium.NoSuchWindowException: no such window: target window already closed
from unknown error: web view not found
  (Session info: chrome=120.0.6099.130)
Build info: version: '4.15.0', revision: '1d14b5521b'
System info: os.name: 'Windows 11', os.arch: 'amd64', os.version: '10.0', java.version: '17.0.9'
Driver info: org.openqa.selenium.chrome.ChromeDriver
Command: [7f83f609b9fd2cde0c15b3b72f0b2c72, maximizeCurrentWindow {}]
Capabilities {acceptInsecureCerts: false, browserName: chrome, browserVersion: 120.0.6099.130, chrome: {chromedriverVersion: 120.0.6099.109 (3419140ab66..., userDataDir: C:\Users\venky\AppData\Loca...}, fedcm:accounts: true, goog:chromeOptions: {debuggerAddress: localhost:61999}, networkConnectionEnabled: false, pageLoadStrategy: normal, platformName: windows, proxy: Proxy(), se:cdp: ws://localhost:61999/devtoo..., se:cdpVersion: 120.0.6099.130, setWindowRect: true, strictFileInteractability: false, timeouts: {implicit: 0, pageLoad: 300000, script: 30000}, unhandledPromptBehavior: dismiss and notify, webauthn:extension:credBlob: true, webauthn:extension:largeBlob: true, webauthn:extension:minPinLength: true, webauthn:extension:prf: true, webauthn:virtualAuthenticators: true}
Session ID: 7f83f609b9fd2cde0c15b3b72f0b2c72
at org.openqa.selenium.remote.codec.w3c.W3CHttpResponseCodec.createException(W3CHttpResponseCodec.java:200)
at org.openqa.selenium.remote.codec.w3c.W3CHttpResponseCodec.decode(W3CHttpResponseCodec.java:133)
at org.openqa.selenium.remote.codec.w3c.W3CHttpResponseCodec.decode(W3CHttpResponseCodec.java:52)
at org.openqa.selenium.remote.HttpCommandExecutor.execute(HttpCommandExecutor.java:191)
at org.openqa.selenium.remote.service.DriverCommandExecutor.invokeExecute(DriverCommandExecutor.java:200)
at org.openqa.selenium.remote.service.DriverCommandExecutor.execute(DriverCommandExecutor.java:175)
at org.openqa.selenium.remote.RemoteWebDriver.execute(RemoteWebDriver.java:607)
at org.openqa.selenium.remote.RemoteWebDriver.execute(RemoteWebDriver.java:680)
at org.openqa.selenium.remote.RemoteWebDriver.execute(RemoteWebDriver.java:684)
at org.openqa.selenium.remote.RemoteWebDriver$RemoteWebDriverOptions$RemoteWindow.maximize(RemoteWebDriver.java:1123)
at automation_practice_web.Base_class.Base_beforeMethod(Base_class.java:26)
at java.base/java.util.ArrayList.forEach(ArrayList.java:1511)
... Removed 36 stack frames]]>
    </failure>
  </testcase> <!-- @BeforeMethod Base_beforeMethod -->
  <testcase classname="automation_practice_web.Home_page_cls" name="@BeforeMethod f" time="-1.704252164302E9">
    <skipped/>
  </testcase> <!-- @BeforeMethod f -->
  <testcase classname="automation_practice_web.Home_page_cls" name="Verify_Basket_Items" time="0.0">
    <skipped/>
  </testcase> <!-- Verify_Basket_Items -->
  <testcase classname="automation_practice_web.Home_page_cls" name="verify_Viwe_Basket_button" time="0.0">
    <ignored/>
  </testcase> <!-- verify_Viwe_Basket_button -->
  <testcase classname="automation_practice_web.Home_page_cls" name="verify_Arrivals_AddtoBasket" time="0.0">
    <ignored/>
  </testcase> <!-- verify_Arrivals_AddtoBasket -->
  <testcase classname="automation_practice_web.Home_page_cls" name="verify_Arrivals_imgs_description" time="0.0">
    <ignored/>
  </testcase> <!-- verify_Arrivals_imgs_description -->
  <testcase classname="automation_practice_web.Home_page_cls" name="verify_Arrivals_imgs_Reviwes" time="0.0">
    <ignored/>
  </testcase> <!-- verify_Arrivals_imgs_Reviwes -->
  <testcase classname="automation_practice_web.Home_page_cls" name="verify_sliders" time="0.0">
    <ignored/>
  </testcase> <!-- verify_sliders -->
  <testcase classname="automation_practice_web.Home_page_cls" name="verify_Arrivals_navigation" time="0.0">
    <ignored/>
  </testcase> <!-- verify_Arrivals_navigation -->
  <testcase classname="automation_practice_web.Home_page_cls" name="verify_arreval" time="0.0">
    <ignored/>
  </testcase> <!-- verify_arreval -->
</testsuite> <!-- Test -->
